<?xml version="1.0" encoding="UTF-8"?>
<!-- Generated by org.testng.reporters.JUnitReportReporter -->
<testsuite skipped="0" hostname="DESKTOP-EI8FGHC" name="nursingSystem_Page_Tests.Login_Page_Test" tests="30" failures="0" timestamp="2022-08-29T13:53:10 IST" time="4728.670" errors="0">
  <testcase name="TC13" time="42.662" classname="nursingSystem_Page_Tests.Login_Page_Test"/>
  <system-out/>
  <testcase name="TC14" time="62.041" classname="nursingSystem_Page_Tests.Login_Page_Test"/>
  <system-out/>
  <testcase name="TC15" time="47.580" classname="nursingSystem_Page_Tests.Login_Page_Test"/>
  <system-out/>
  <testcase name="TC16" time="58.658" classname="nursingSystem_Page_Tests.Login_Page_Test"/>
  <system-out/>
  <testcase name="TC17" time="70.518" classname="nursingSystem_Page_Tests.Login_Page_Test"/>
  <system-out/>
  <testcase name="TC18" time="57.423" classname="nursingSystem_Page_Tests.Login_Page_Test"/>
  <system-out/>
  <testcase name="TC19" time="63.754" classname="nursingSystem_Page_Tests.Login_Page_Test"/>
  <system-out/>
  <testcase name="TC20" time="52.984" classname="nursingSystem_Page_Tests.Login_Page_Test"/>
  <system-out/>
  <testcase name="TC21" time="59.884" classname="nursingSystem_Page_Tests.Login_Page_Test"/>
  <system-out/>
  <testcase name="TC22" time="51.522" classname="nursingSystem_Page_Tests.Login_Page_Test"/>
  <system-out/>
  <testcase name="TC23" time="149.685" classname="nursingSystem_Page_Tests.Login_Page_Test"/>
  <system-out/>
  <testcase name="TC24" time="58.866" classname="nursingSystem_Page_Tests.Login_Page_Test"/>
  <system-out/>
  <testcase name="TC25" time="65.174" classname="nursingSystem_Page_Tests.Login_Page_Test"/>
  <system-out/>
  <testcase name="TC26" time="96.204" classname="nursingSystem_Page_Tests.Login_Page_Test"/>
  <system-out/>
  <testcase name="TC27" time="89.892" classname="nursingSystem_Page_Tests.Login_Page_Test"/>
  <system-out/>
  <testcase name="TC28" time="104.981" classname="nursingSystem_Page_Tests.Login_Page_Test"/>
  <system-out/>
  <testcase name="TC29" time="76.263" classname="nursingSystem_Page_Tests.Login_Page_Test"/>
  <system-out/>
  <testcase name="TC30" time="65.357" classname="nursingSystem_Page_Tests.Login_Page_Test"/>
  <system-out/>
  <testcase name="TC31" time="141.956" classname="nursingSystem_Page_Tests.Login_Page_Test"/>
  <system-out/>
  <testcase name="TC32" time="89.818" classname="nursingSystem_Page_Tests.Login_Page_Test"/>
  <system-out/>
  <testcase name="TC33" time="97.680" classname="nursingSystem_Page_Tests.Login_Page_Test"/>
  <system-out/>
  <testcase name="TC34" time="175.456" classname="nursingSystem_Page_Tests.Login_Page_Test"/>
  <system-out/>
  <testcase name="TC35" time="151.650" classname="nursingSystem_Page_Tests.Login_Page_Test"/>
  <system-out/>
  <testcase name="TC36" time="147.275" classname="nursingSystem_Page_Tests.Login_Page_Test"/>
  <system-out/>
  <testcase name="TC37" time="249.549" classname="nursingSystem_Page_Tests.Login_Page_Test"/>
  <system-out/>
  <testcase name="TC38" time="393.497" classname="nursingSystem_Page_Tests.Login_Page_Test"/>
  <system-out/>
  <testcase name="TC39" time="524.157" classname="nursingSystem_Page_Tests.Login_Page_Test"/>
  <system-out/>
  <testcase name="TC40" time="543.785" classname="nursingSystem_Page_Tests.Login_Page_Test"/>
  <system-out/>
  <testcase name="TC41" time="438.918" classname="nursingSystem_Page_Tests.Login_Page_Test"/>
  <system-out/>
  <testcase name="TC42" time="501.481" classname="nursingSystem_Page_Tests.Login_Page_Test"/>
  <system-out/>
</testsuite> <!-- nursingSystem_Page_Tests.Login_Page_Test -->
