<?xml version="1.0" encoding="UTF-8"?>
<!-- Generated by org.testng.reporters.JUnitReportReporter -->
<testsuite skipped="0" hostname="DESKTOP-EI8FGHC" name="nursingSystem_Page_Tests.TestTwo" tests="1" failures="0" timestamp="2022-08-29T00:29:43 IST" time="33.890" errors="0">
  <testcase name="TC1" time="33.890" classname="nursingSystem_Page_Tests.TestTwo"/>
  <system-out/>
</testsuite> <!-- nursingSystem_Page_Tests.TestTwo -->
