<?xml version="1.0" encoding="UTF-8"?>
<!-- Generated by org.testng.reporters.JUnitReportReporter -->
<testsuite skipped="0" hostname="DESKTOP-EI8FGHC" name="seleniumQTP_Page_Tests.RegisterOne_Page_Test" tests="2" failures="0" timestamp="2022-08-19T23:17:36 IST" time="17.428" errors="0">
  <testcase name="registrationPage2" time="9.714" classname="seleniumQTP_Page_Tests.RegisterOne_Page_Test"/>
  <system-out/>
  <testcase name="registrationPageONe" time="7.714" classname="seleniumQTP_Page_Tests.RegisterOne_Page_Test"/>
  <system-out/>
</testsuite> <!-- seleniumQTP_Page_Tests.RegisterOne_Page_Test -->
